				;			@ 	/0F00	; endereço absoluto
0f00 0f0e		;			JP 	INI		; vai para início do programa
0f02 1234		;	KEY		K	/1234
0f04 d32a		;	BLOCK1	K	/D32A
0f06 aeaa		;	BLOCK2	K	/AEAA
0f08 df8c		;	BLOCK3	K	/DF8C
0f0a ebdc		;	BLOCK4	K	/EBDC
0f0c 0000		;	CTE_0	K	/0000	; constante 0


0f0e 8f02		;	INI		LD	KEY		; carrega chave
0f10 4f04		;			+	BLOCK1	; aplica chave a BLOCK1
0f12 9f04		;			MM  BLOCK1	; sobrescreve valor decifrado
0f14 8f02		;			LD	KEY		; carrega chave
0f16 4f06		;			+	BLOCK2	; aplica chave a BLOCK2
0f18 9f06		;			MM  BLOCK2	; sobrescreve valor decifrado
0f1a 8f02		;			LD	KEY		; carrega chave
0f1c 4f08		;			+	BLOCK3	; aplica chave a BLOCK3
0f1e 9f08		;			MM  BLOCK3	; sobrescreve valor decifrado
0f20 8f02		;			LD	KEY		; carrega chave
0f22 4f0a		;			+	BLOCK4	; aplica chave a BLOCK4
0f24 9f0a		;			MM  BLOCK4	; sobrescreve valor decifrado

0f26 8f0c		;			LD	CTE_0	; DELIMITADOR
0f28 8f04		;			LD	BLOCK1	; Le resultado
0f2a 8f06		;			LD	BLOCK2	; Le resultado
0f2c 8f08		;			LD	BLOCK3	; Le resultado
0f2e 8f0a		;			LD	BLOCK4	; Le resultado
0f30 8f0c		;			LD	CTE_0	; DELIMITADOR

0f32 cf32		;	END		HM	END    ; fim

